 
 JobID: localhost-0-64323775
 BatchMin V11.6    Build  116013  Starting Time 09-Apr-2023 11:56:39
 MacroModel. Copyright Schrodinger, LLC.
 All rights reserved.

 Input filename:  /data/baiqing/PycharmProjects/Reinvent-master-3.2/result/LINK_invent/7KHH/scoring_process/rearranged_h.mae
 Output filename: /data/baiqing/PycharmProjects/Reinvent-master-3.2/result/LINK_invent/7KHH/scoring_process/rearranged_h_mini.mae
 Atom-type file: /data/Programs/Schrodinger_2017/mmshare-v3.8/bin/Linux-x86_64/../../data/atom.typ
WARNING: BDCO arg5 is less than the electrostatic cutoff
  This value has been increased to the electrostatic cutoff value: ********
WARNING: BDCO arg6 is less than the electrostatic cutoff
  This value has been increased to the electrostatic cutoff value: ********
 Force field: /data/Programs/Schrodinger_2017/macromodel-v11.6/bin/Linux-x86_64/../../data/OPLS_2005.fld
 Read   144 atoms. Structure name, if any, appears on next line: 
 0
 Quality of Force Field Parameters in Use:
   Numbers of high, medium and low quality stretch parameters =  151    0    0
   Numbers of high, medium and low quality bend parameters    =  273    1    0
   Numbers of high, medium and low quality torsion parameters =  395   10    0
   Interactions examined:        830 of        830 total, including unused params.
      Stretch total=      151   constrained=        0
         Bend total=      274   constrained=        0        linear=        0
      Torsion total=      443   constrained=        0  out-of-plane=       38
    Nonbonded total=     9871      H-bonded=        0      ordinary=     9871
  Nonbonded cutoffs: CutVdw=  0.100E+11;  CutEs=  0.100E+11
                              fix/frz-moving        0  moving-moving     9871
  Fixed/frozen atms=       67         fixed=       67        frozen=        0
 Special solvation fixed/frozen atom and interaction classes:
   Fm are fixed/frozen atoms that interact with moving atoms; Ff do not.
   Fmm are Fm atoms treated as M in GB, based on CutFmm=   8.00    
   Fmf are Fm atoms which are not Fmm.
     Fm=          0     Ff=          0
     Fmm=          0     Fmf=          0    Fmm-Fmm pairs=          0
 Solvent file: /data/Programs/Schrodinger_2017/macromodel-v11.6/bin/Linux-x86_64/../../data/water.slv
    Block specifies desired NFIELD -- accepting block
 Starting conjugate gradient minimization.
 Iterations =         200  out of          200
 Conf    1 E =    -165.682 (  3.522) kJ/mol
 Total number of structures processed =           1
 
BatchMin: normal termination                           09-Apr-2023 11:56:41

real	0m3.317s
user	0m1.611s
sys	0m1.583s
